<?xml version="1.0" encoding="UTF-8"?>
<!-- Generated by org.testng.reporters.JUnitReportReporter -->
<testsuite name="com.cms.qa.testcases.PostsPageTest" tests="2" time="31.815" ignored="0" failures="0" timestamp="29 Dec 2019 13:50:06 GMT" skipped="0" hostname="Kunal" errors="0">
  <testcase name="selectSinglePostsTest" time="16.763" classname="com.cms.qa.testcases.PostsPageTest"/>
  <testcase name="verifyPostsPageLabel" time="15.052" classname="com.cms.qa.testcases.PostsPageTest"/>
</testsuite> <!-- com.cms.qa.testcases.PostsPageTest -->
