<?xml version="1.0" encoding="UTF-8"?>
<!-- Generated by org.testng.reporters.JUnitReportReporter -->
<testsuite name="com.cms.qa.testcases.LoginPageTest" tests="4" time="60.269" ignored="0" failures="0" timestamp="04 Jan 2020 04:35:08 GMT" skipped="0" hostname="Kunal" errors="0">
  <testcase name="LoginPageTitleTest" time="24.053" classname="com.cms.qa.testcases.LoginPageTest"/>
  <testcase name="cmsLogoImageTest" time="8.809" classname="com.cms.qa.testcases.LoginPageTest"/>
  <testcase name="backToSoucePage" time="12.615" classname="com.cms.qa.testcases.LoginPageTest"/>
  <testcase name="loginTest" time="14.792" classname="com.cms.qa.testcases.LoginPageTest"/>
</testsuite> <!-- com.cms.qa.testcases.LoginPageTest -->
