<?xml version="1.0" encoding="UTF-8"?>
<!-- Generated by org.testng.reporters.JUnitReportReporter -->
<testsuite name="com.cms.qa.testcases.LoginPageTest" tests="4" time="36.645" ignored="0" failures="0" timestamp="11 Jan 2020 06:48:08 GMT" skipped="0" hostname="Kunal" errors="0">
  <testcase name="backToSoucePage" time="9.350" classname="com.cms.qa.testcases.LoginPageTest"/>
  <testcase name="loginTest" time="10.567" classname="com.cms.qa.testcases.LoginPageTest"/>
  <testcase name="cmsLogoImageTest" time="9.104" classname="com.cms.qa.testcases.LoginPageTest"/>
  <testcase name="LoginPageTitleTest" time="7.624" classname="com.cms.qa.testcases.LoginPageTest"/>
</testsuite> <!-- com.cms.qa.testcases.LoginPageTest -->
