<?xml version="1.0" encoding="UTF-8"?>
<!-- Generated by org.testng.reporters.JUnitReportReporter -->
<testsuite name="com.cms.qa.testcases.UserPageTest" tests="3" time="56.577" ignored="0" failures="0" timestamp="29 Dec 2019 13:50:06 GMT" skipped="0" hostname="Kunal" errors="0">
  <testcase name="validateCreateNewUser" time="17.521" classname="com.cms.qa.testcases.UserPageTest"/>
  <testcase name="validateCreateNewUser" time="21.498" classname="com.cms.qa.testcases.UserPageTest"/>
  <testcase name="validateCreateNewUser" time="17.558" classname="com.cms.qa.testcases.UserPageTest"/>
</testsuite> <!-- com.cms.qa.testcases.UserPageTest -->
