<?xml version="1.0" encoding="UTF-8"?>
<!-- Generated by org.testng.reporters.JUnitReportReporter -->
<testsuite name="com.cms.qa.testcases.LoginPageTest" tests="1" time="11.245" ignored="3" failures="0" timestamp="02 Jan 2020 17:17:20 GMT" skipped="0" hostname="Kunal" errors="0">
  <testcase name="LoginPageTitleTest" time="11.245" classname="com.cms.qa.testcases.LoginPageTest"/>
  <testcase name="loginTest" classname="com.cms.qa.testcases.LoginPageTest">
    <skipped/>
  </testcase> <!-- loginTest -->
  <testcase name="backToSoucePage" classname="com.cms.qa.testcases.LoginPageTest">
    <skipped/>
  </testcase> <!-- backToSoucePage -->
  <testcase name="cmsLogoImageTest" classname="com.cms.qa.testcases.LoginPageTest">
    <skipped/>
  </testcase> <!-- cmsLogoImageTest -->
</testsuite> <!-- com.cms.qa.testcases.LoginPageTest -->
