<?xml version="1.0" encoding="UTF-8"?>
<!-- Generated by org.testng.reporters.JUnitReportReporter -->
<testsuite hostname="Kunal" name="com.cms.qa.testcases.LoginPageTest" tests="4" failures="0" timestamp="2 Jan 2020 13:07:09 GMT" time="52.172" errors="0">
  <testcase name="backToSoucePage" time="16.282" classname="com.cms.qa.testcases.LoginPageTest"/>
  <testcase name="loginTest" time="16.847" classname="com.cms.qa.testcases.LoginPageTest"/>
  <testcase name="cmsLogoImageTest" time="9.335" classname="com.cms.qa.testcases.LoginPageTest"/>
  <testcase name="LoginPageTitleTest" time="9.708" classname="com.cms.qa.testcases.LoginPageTest"/>
</testsuite> <!-- com.cms.qa.testcases.LoginPageTest -->
