<?xml version="1.0" encoding="UTF-8"?>
<!-- Generated by org.testng.reporters.JUnitReportReporter -->
<testsuite hostname="Kunal" name="com.cms.qa.testcases.LoginPageTest" tests="4" failures="0" timestamp="4 Jan 2020 04:42:54 GMT" time="46.617" errors="0">
  <testcase name="cmsLogoImageTest" time="9.295" classname="com.cms.qa.testcases.LoginPageTest"/>
  <testcase name="LoginPageTitleTest" time="7.938" classname="com.cms.qa.testcases.LoginPageTest"/>
  <testcase name="loginTest" time="14.561" classname="com.cms.qa.testcases.LoginPageTest"/>
  <testcase name="backToSoucePage" time="14.823" classname="com.cms.qa.testcases.LoginPageTest"/>
</testsuite> <!-- com.cms.qa.testcases.LoginPageTest -->
