<?xml version="1.0" encoding="UTF-8"?>
<!-- Generated by org.testng.reporters.JUnitReportReporter -->
<testsuite hostname="Kunal" name="com.cms.qa.testcases.LoginPageTest" tests="4" failures="0" timestamp="11 Jan 2020 07:13:04 GMT" time="60.439" errors="0">
  <testcase name="backToSoucePage" time="14.531" classname="com.cms.qa.testcases.LoginPageTest"/>
  <testcase name="LoginPageTitleTest" time="20.125" classname="com.cms.qa.testcases.LoginPageTest"/>
  <testcase name="cmsLogoImageTest" time="9.606" classname="com.cms.qa.testcases.LoginPageTest"/>
  <testcase name="loginTest" time="16.177" classname="com.cms.qa.testcases.LoginPageTest"/>
</testsuite> <!-- com.cms.qa.testcases.LoginPageTest -->
