<?xml version="1.0" encoding="UTF-8"?>
<!-- Generated by org.testng.reporters.JUnitReportReporter -->
<testsuite hostname="Kunal" name="com.cms.qa.testcases.LoginPageTest" tests="4" failures="0" timestamp="11 Jan 2020 06:52:44 GMT" time="41.231" errors="0">
  <testcase name="backToSoucePage" time="12.350" classname="com.cms.qa.testcases.LoginPageTest"/>
  <testcase name="LoginPageTitleTest" time="8.326" classname="com.cms.qa.testcases.LoginPageTest"/>
  <testcase name="cmsLogoImageTest" time="7.673" classname="com.cms.qa.testcases.LoginPageTest"/>
  <testcase name="loginTest" time="12.882" classname="com.cms.qa.testcases.LoginPageTest"/>
</testsuite> <!-- com.cms.qa.testcases.LoginPageTest -->
